[debug] [2025-07-08T01:17:49.436Z] ----------------------------------------------------------------------
[debug] [2025-07-08T01:17:49.440Z] Command:       C:\Users\Josemar\Videos\CONTRI~1\firebase-tools-instant-win.exe C:\Users\Josemar\.cache\firebase\tools\lib\node_modules\firebase-tools\lib\bin\firebase init
[debug] [2025-07-08T01:17:49.440Z] CLI Version:   14.9.0
[debug] [2025-07-08T01:17:49.440Z] Platform:      win32
[debug] [2025-07-08T01:17:49.440Z] Node Version:  v20.18.2
[debug] [2025-07-08T01:17:49.441Z] Time:          Mon Jul 07 2025 22:17:49 GMT-0300 (GMT-03:00)
[debug] [2025-07-08T01:17:49.441Z] ----------------------------------------------------------------------
[debug] 
[debug] [2025-07-08T01:17:49.687Z] > command requires scopes: ["email","openid","https://www.googleapis.com/auth/cloudplatformprojects.readonly","https://www.googleapis.com/auth/firebase","https://www.googleapis.com/auth/cloud-platform"]
[debug] [2025-07-08T01:17:49.687Z] > authorizing via signed-in user (fateamelite@gmail.com)
[info] 
     ######## #### ########  ######## ########     ###     ######  ########
     ##        ##  ##     ## ##       ##     ##  ##   ##  ##       ##
     ######    ##  ########  ######   ########  #########  ######  ######
     ##        ##  ##    ##  ##       ##     ## ##     ##       ## ##
     ##       #### ##     ## ######## ########  ##     ##  ######  ########

You're about to initialize a Firebase project in this directory:

  C:\Users\Josemar\Videos\Contribuição Pix

Before we get started, keep in mind:

  * You are initializing within an existing Firebase project directory

[info] 
=== Project Setup
[info] 
[info] First, let's associate this project directory with a Firebase project.
[info] You can create multiple project aliases by running firebase use --add, 
[info] but for now we'll just set up a default project.
[info] 
[debug] [2025-07-08T01:18:08.060Z] Checked if tokens are valid: true, expires at: 1751941049333
[debug] [2025-07-08T01:18:08.060Z] Checked if tokens are valid: true, expires at: 1751941049333
[debug] [2025-07-08T01:18:08.063Z] >>> [apiv2][query] GET https://firebase.googleapis.com/v1beta1/projects pageSize=100
[debug] [2025-07-08T01:18:08.847Z] <<< [apiv2][status] GET https://firebase.googleapis.com/v1beta1/projects 200
[debug] [2025-07-08T01:18:08.848Z] <<< [apiv2][body] GET https://firebase.googleapis.com/v1beta1/projects [omitted]
[info] i  Using project contribuicao-pix (Contribuicao Pix) 
[info] 
=== Firestore Setup
[info] i  firestore: ensuring required API firestore.googleapis.com is enabled... 
[debug] [2025-07-08T01:18:20.073Z] Checked if tokens are valid: true, expires at: 1751941049333
[debug] [2025-07-08T01:18:20.073Z] Checked if tokens are valid: true, expires at: 1751941049333
[debug] [2025-07-08T01:18:20.073Z] >>> [apiv2][query] GET https://serviceusage.googleapis.com/v1/projects/contribuicao-pix/services/firestore.googleapis.com [none]
[debug] [2025-07-08T01:18:20.074Z] >>> [apiv2][(partial)header] GET https://serviceusage.googleapis.com/v1/projects/contribuicao-pix/services/firestore.googleapis.com x-goog-quota-user=projects/contribuicao-pix
[debug] [2025-07-08T01:18:21.307Z] <<< [apiv2][status] GET https://serviceusage.googleapis.com/v1/projects/contribuicao-pix/services/firestore.googleapis.com 200
[debug] [2025-07-08T01:18:21.308Z] <<< [apiv2][body] GET https://serviceusage.googleapis.com/v1/projects/contribuicao-pix/services/firestore.googleapis.com [omitted]
[info] +  firestore: required API firestore.googleapis.com is enabled 
[debug] [2025-07-08T01:18:21.320Z] Checked if tokens are valid: true, expires at: 1751941049333
[debug] [2025-07-08T01:18:21.320Z] Checked if tokens are valid: true, expires at: 1751941049333
[debug] [2025-07-08T01:18:21.320Z] >>> [apiv2][query] GET https://firestore.googleapis.com/v1/projects/contribuicao-pix/databases [none]
[debug] [2025-07-08T01:18:22.586Z] <<< [apiv2][status] GET https://firestore.googleapis.com/v1/projects/contribuicao-pix/databases 200
[debug] [2025-07-08T01:18:22.587Z] <<< [apiv2][body] GET https://firestore.googleapis.com/v1/projects/contribuicao-pix/databases {}
[debug] [2025-07-08T01:18:22.588Z] Checked if tokens are valid: true, expires at: 1751941049333
[debug] [2025-07-08T01:18:22.588Z] Checked if tokens are valid: true, expires at: 1751941049333
[debug] [2025-07-08T01:18:22.589Z] >>> [apiv2][query] GET https://firestore.googleapis.com/v1/projects/contribuicao-pix/locations [none]
[debug] [2025-07-08T01:18:22.755Z] <<< [apiv2][status] GET https://firestore.googleapis.com/v1/projects/contribuicao-pix/locations 200
[debug] [2025-07-08T01:18:22.755Z] <<< [apiv2][body] GET https://firestore.googleapis.com/v1/projects/contribuicao-pix/locations {"locations":[{"name":"projects/contribuicao-pix/locations/eur3","labels":{"appengine.googleapis.com/geo":"europe-west","cloud.googleapis.com/location":"eur3","cloud.googleapis.com/geo":"eur3"},"metadata":{"@type":"type.googleapis.com/google.firestore.admin.v1.LocationMetadata"},"locationId":"eur3","displayName":"Europe"},{"name":"projects/contribuicao-pix/locations/nam5","labels":{"appengine.googleapis.com/geo":"us-central","cloud.googleapis.com/location":"nam5","cloud.googleapis.com/geo":"nam5"},"metadata":{"@type":"type.googleapis.com/google.firestore.admin.v1.LocationMetadata"},"locationId":"nam5","displayName":"United States"},{"name":"projects/contribuicao-pix/locations/nam7","labels":{"cloud.googleapis.com/location":"nam7","cloud.googleapis.com/geo":"nam7"},"metadata":{"@type":"type.googleapis.com/google.firestore.admin.v1.LocationMetadata"},"locationId":"nam7","displayName":"United States"},{"name":"projects/contribuicao-pix/locations/africa-south1","labels":{"cloud.googleapis.com/location":"africa-south1","cloud.googleapis.com/region":"africa-south1"},"metadata":{"@type":"type.googleapis.com/google.firestore.admin.v1.LocationMetadata"},"locationId":"africa-south1","displayName":"Johannesburg"},{"name":"projects/contribuicao-pix/locations/asia-east1","labels":{"appengine.googleapis.com/region":"asia-east1","cloud.googleapis.com/location":"asia-east1","cloud.googleapis.com/region":"asia-east1"},"metadata":{"@type":"type.googleapis.com/google.firestore.admin.v1.LocationMetadata"},"locationId":"asia-east1","displayName":"Taiwan"},{"name":"projects/contribuicao-pix/locations/asia-east2","labels":{"appengine.googleapis.com/region":"asia-east2","cloud.googleapis.com/location":"asia-east2","cloud.googleapis.com/region":"asia-east2"},"metadata":{"@type":"type.googleapis.com/google.firestore.admin.v1.LocationMetadata"},"locationId":"asia-east2","displayName":"Hong Kong"},{"name":"projects/contribuicao-pix/locations/asia-northeast1","labels":{"appengine.googleapis.com/region":"asia-northeast1","cloud.googleapis.com/location":"asia-northeast1","cloud.googleapis.com/region":"asia-northeast1"},"metadata":{"@type":"type.googleapis.com/google.firestore.admin.v1.LocationMetadata"},"locationId":"asia-northeast1","displayName":"Tokyo"},{"name":"projects/contribuicao-pix/locations/asia-northeast2","labels":{"appengine.googleapis.com/region":"asia-northeast2","cloud.googleapis.com/location":"asia-northeast2","cloud.googleapis.com/region":"asia-northeast2"},"metadata":{"@type":"type.googleapis.com/google.firestore.admin.v1.LocationMetadata"},"locationId":"asia-northeast2","displayName":"Osaka"},{"name":"projects/contribuicao-pix/locations/asia-northeast3","labels":{"appengine.googleapis.com/region":"asia-northeast3","cloud.googleapis.com/location":"asia-northeast3","cloud.googleapis.com/region":"asia-northeast3"},"metadata":{"@type":"type.googleapis.com/google.firestore.admin.v1.LocationMetadata"},"locationId":"asia-northeast3","displayName":"Seoul"},{"name":"projects/contribuicao-pix/locations/asia-south1","labels":{"appengine.googleapis.com/region":"asia-south1","cloud.googleapis.com/location":"asia-south1","cloud.googleapis.com/region":"asia-south1"},"metadata":{"@type":"type.googleapis.com/google.firestore.admin.v1.LocationMetadata"},"locationId":"asia-south1","displayName":"Mumbai"},{"name":"projects/contribuicao-pix/locations/asia-south2","labels":{"cloud.googleapis.com/location":"asia-south2","cloud.googleapis.com/region":"asia-south2"},"metadata":{"@type":"type.googleapis.com/google.firestore.admin.v1.LocationMetadata"},"locationId":"asia-south2","displayName":"Delhi"},{"name":"projects/contribuicao-pix/locations/asia-southeast1","labels":{"appengine.googleapis.com/region":"asia-southeast1","cloud.googleapis.com/location":"asia-southeast1","cloud.googleapis.com/region":"asia-southeast1"},"metadata":{"@type":"type.googleapis.com/google.firestore.admin.v1.LocationMetadata"},"locationId":"asia-southeast1","displayName":"Singapore"},{"name":"projects/contribuicao-pix/locations/asia-southeast2","labels":{"appengine.googleapis.com/region":"asia-southeast2","cloud.googleapis.com/location":"asia-southeast2","cloud.googleapis.com/region":"asia-southeast2"},"metadata":{"@type":"type.googleapis.com/google.firestore.admin.v1.LocationMetadata"},"locationId":"asia-southeast2","displayName":"Jakarta"},{"name":"projects/contribuicao-pix/locations/australia-southeast1","labels":{"appengine.googleapis.com/region":"australia-southeast1","cloud.googleapis.com/location":"australia-southeast1","cloud.googleapis.com/region":"australia-southeast1"},"metadata":{"@type":"type.googleapis.com/google.firestore.admin.v1.LocationMetadata"},"locationId":"australia-southeast1","displayName":"Sydney"},{"name":"projects/contribuicao-pix/locations/australia-southeast2","labels":{"cloud.googleapis.com/location":"australia-southeast2","cloud.googleapis.com/region":"australia-southeast2"},"metadata":{"@type":"type.googleapis.com/google.firestore.admin.v1.LocationMetadata"},"locationId":"australia-southeast2","displayName":"Melbourne"},{"name":"projects/contribuicao-pix/locations/europe-central2","labels":{"appengine.googleapis.com/region":"europe-central2","cloud.googleapis.com/location":"europe-central2","cloud.googleapis.com/region":"europe-central2"},"metadata":{"@type":"type.googleapis.com/google.firestore.admin.v1.LocationMetadata"},"locationId":"europe-central2","displayName":"Warsaw"},{"name":"projects/contribuicao-pix/locations/europe-north1","labels":{"cloud.googleapis.com/location":"europe-north1","cloud.googleapis.com/region":"europe-north1"},"metadata":{"@type":"type.googleapis.com/google.firestore.admin.v1.LocationMetadata"},"locationId":"europe-north1","displayName":"Finland"},{"name":"projects/contribuicao-pix/locations/europe-north2","labels":{"cloud.googleapis.com/location":"europe-north2","cloud.googleapis.com/region":"europe-north2"},"metadata":{"@type":"type.googleapis.com/google.firestore.admin.v1.LocationMetadata"},"locationId":"europe-north2","displayName":"Stockholm"},{"name":"projects/contribuicao-pix/locations/europe-southwest1","labels":{"cloud.googleapis.com/location":"europe-southwest1","cloud.googleapis.com/region":"europe-southwest1"},"metadata":{"@type":"type.googleapis.com/google.firestore.admin.v1.LocationMetadata"},"locationId":"europe-southwest1","displayName":"Madrid"},{"name":"projects/contribuicao-pix/locations/europe-west1","labels":{"cloud.googleapis.com/location":"europe-west1","cloud.googleapis.com/region":"europe-west1"},"metadata":{"@type":"type.googleapis.com/google.firestore.admin.v1.LocationMetadata"},"locationId":"europe-west1","displayName":"Belgium"},{"name":"projects/contribuicao-pix/locations/europe-west10","labels":{"cloud.googleapis.com/location":"europe-west10","cloud.googleapis.com/region":"europe-west10"},"metadata":{"@type":"type.googleapis.com/google.firestore.admin.v1.LocationMetadata"},"locationId":"europe-west10","displayName":"Berlin"},{"name":"projects/contribuicao-pix/locations/europe-west12","labels":{"cloud.googleapis.com/location":"europe-west12","cloud.googleapis.com/region":"europe-west12"},"metadata":{"@type":"type.googleapis.com/google.firestore.admin.v1.LocationMetadata"},"locationId":"europe-west12","displayName":"Turin"},{"name":"projects/contribuicao-pix/locations/europe-west2","labels":{"appengine.googleapis.com/region":"europe-west2","cloud.googleapis.com/location":"europe-west2","cloud.googleapis.com/region":"europe-west2"},"metadata":{"@type":"type.googleapis.com/google.firestore.admin.v1.LocationMetadata"},"locationId":"europe-west2","displayName":"London"},{"name":"projects/contribuicao-pix/locations/europe-west3","labels":{"appengine.googleapis.com/region":"europe-west3","cloud.googleapis.com/location":"europe-west3","cloud.googleapis.com/region":"europe-west3"},"metadata":{"@type":"type.googleapis.com/google.firestore.admin.v1.LocationMetadata"},"locationId":"europe-west3","displayName":"Frankfurt"},{"name":"projects/contribuicao-pix/locations/europe-west4","labels":{"cloud.googleapis.com/location":"europe-west4","cloud.googleapis.com/region":"europe-west4"},"metadata":{"@type":"type.googleapis.com/google.firestore.admin.v1.LocationMetadata"},"locationId":"europe-west4","displayName":"Netherlands"},{"name":"projects/contribuicao-pix/locations/europe-west6","labels":{"appengine.googleapis.com/region":"europe-west6","cloud.googleapis.com/location":"europe-west6","cloud.googleapis.com/region":"europe-west6"},"metadata":{"@type":"type.googleapis.com/google.firestore.admin.v1.LocationMetadata"},"locationId":"europe-west6","displayName":"Zurich"},{"name":"projects/contribuicao-pix/locations/europe-west8","labels":{"cloud.googleapis.com/location":"europe-west8","cloud.googleapis.com/region":"europe-west8"},"metadata":{"@type":"type.googleapis.com/google.firestore.admin.v1.LocationMetadata"},"locationId":"europe-west8","displayName":"Milan"},{"name":"projects/contribuicao-pix/locations/europe-west9","labels":{"cloud.googleapis.com/location":"europe-west9","cloud.googleapis.com/region":"europe-west9"},"metadata":{"@type":"type.googleapis.com/google.firestore.admin.v1.LocationMetadata"},"locationId":"europe-west9","displayName":"Paris"},{"name":"projects/contribuicao-pix/locations/me-central1","labels":{"cloud.googleapis.com/location":"me-central1","cloud.googleapis.com/region":"me-central1"},"metadata":{"@type":"type.googleapis.com/google.firestore.admin.v1.LocationMetadata"},"locationId":"me-central1","displayName":"Doha"},{"name":"projects/contribuicao-pix/locations/me-central2","labels":{"cloud.googleapis.com/location":"me-central2","cloud.googleapis.com/region":"me-central2"},"metadata":{"@type":"type.googleapis.com/google.firestore.admin.v1.LocationMetadata"},"locationId":"me-central2","displayName":"Dammam"},{"name":"projects/contribuicao-pix/locations/me-west1","labels":{"cloud.googleapis.com/location":"me-west1","cloud.googleapis.com/region":"me-west1"},"metadata":{"@type":"type.googleapis.com/google.firestore.admin.v1.LocationMetadata"},"locationId":"me-west1","displayName":"Tel Aviv"},{"name":"projects/contribuicao-pix/locations/northamerica-northeast1","labels":{"appengine.googleapis.com/region":"northamerica-northeast1","cloud.googleapis.com/location":"northamerica-northeast1","cloud.googleapis.com/region":"northamerica-northeast1"},"metadata":{"@type":"type.googleapis.com/google.firestore.admin.v1.LocationMetadata"},"locationId":"northamerica-northeast1","displayName":"Montréal"},{"name":"projects/contribuicao-pix/locations/northamerica-northeast2","labels":{"cloud.googleapis.com/location":"northamerica-northeast2","cloud.googleapis.com/region":"northamerica-northeast2"},"metadata":{"@type":"type.googleapis.com/google.firestore.admin.v1.LocationMetadata"},"locationId":"northamerica-northeast2","displayName":"Toronto"},{"name":"projects/contribuicao-pix/locations/northamerica-south1","labels":{"cloud.googleapis.com/location":"northamerica-south1","cloud.googleapis.com/region":"northamerica-south1"},"metadata":{"@type":"type.googleapis.com/google.firestore.admin.v1.LocationMetadata"},"locationId":"northamerica-south1","displayName":"Mexico"},{"name":"projects/contribuicao-pix/locations/southamerica-east1","labels":{"appengine.googleapis.com/region":"southamerica-east1","cloud.googleapis.com/location":"southamerica-east1","cloud.googleapis.com/region":"southamerica-east1"},"metadata":{"@type":"type.googleapis.com/google.firestore.admin.v1.LocationMetadata"},"locationId":"southamerica-east1","displayName":"São Paulo"},{"name":"projects/contribuicao-pix/locations/southamerica-west1","labels":{"cloud.googleapis.com/location":"southamerica-west1","cloud.googleapis.com/region":"southamerica-west1"},"metadata":{"@type":"type.googleapis.com/google.firestore.admin.v1.LocationMetadata"},"locationId":"southamerica-west1","displayName":"Santiago"},{"name":"projects/contribuicao-pix/locations/us-central1","labels":{"cloud.googleapis.com/location":"us-central1","cloud.googleapis.com/region":"us-central1"},"metadata":{"@type":"type.googleapis.com/google.firestore.admin.v1.LocationMetadata"},"locationId":"us-central1","displayName":"Iowa"},{"name":"projects/contribuicao-pix/locations/us-east1","labels":{"appengine.googleapis.com/region":"us-east1","cloud.googleapis.com/location":"us-east1","cloud.googleapis.com/region":"us-east1"},"metadata":{"@type":"type.googleapis.com/google.firestore.admin.v1.LocationMetadata"},"locationId":"us-east1","displayName":"South Carolina"},{"name":"projects/contribuicao-pix/locations/us-east4","labels":{"appengine.googleapis.com/region":"us-east4","cloud.googleapis.com/location":"us-east4","cloud.googleapis.com/region":"us-east4"},"metadata":{"@type":"type.googleapis.com/google.firestore.admin.v1.LocationMetadata"},"locationId":"us-east4","displayName":"Northern Virginia"},{"name":"projects/contribuicao-pix/locations/us-east5","labels":{"cloud.googleapis.com/location":"us-east5","cloud.googleapis.com/region":"us-east5"},"metadata":{"@type":"type.googleapis.com/google.firestore.admin.v1.LocationMetadata"},"locationId":"us-east5","displayName":"Columbus"},{"name":"projects/contribuicao-pix/locations/us-south1","labels":{"cloud.googleapis.com/location":"us-south1","cloud.googleapis.com/region":"us-south1"},"metadata":{"@type":"type.googleapis.com/google.firestore.admin.v1.LocationMetadata"},"locationId":"us-south1","displayName":"Dallas"},{"name":"projects/contribuicao-pix/locations/us-west1","labels":{"appengine.googleapis.com/region":"us-west1","cloud.googleapis.com/location":"us-west1","cloud.googleapis.com/region":"us-west1"},"metadata":{"@type":"type.googleapis.com/google.firestore.admin.v1.LocationMetadata"},"locationId":"us-west1","displayName":"Oregon"},{"name":"projects/contribuicao-pix/locations/us-west2","labels":{"appengine.googleapis.com/region":"us-west2","cloud.googleapis.com/location":"us-west2","cloud.googleapis.com/region":"us-west2"},"metadata":{"@type":"type.googleapis.com/google.firestore.admin.v1.LocationMetadata"},"locationId":"us-west2","displayName":"Los Angeles"},{"name":"projects/contribuicao-pix/locations/us-west3","labels":{"appengine.googleapis.com/region":"us-west3","cloud.googleapis.com/location":"us-west3","cloud.googleapis.com/region":"us-west3"},"metadata":{"@type":"type.googleapis.com/google.firestore.admin.v1.LocationMetadata"},"locationId":"us-west3","displayName":"Salt Lake City"},{"name":"projects/contribuicao-pix/locations/us-west4","labels":{"appengine.googleapis.com/region":"us-west4","cloud.googleapis.com/location":"us-west4","cloud.googleapis.com/region":"us-west4"},"metadata":{"@type":"type.googleapis.com/google.firestore.admin.v1.LocationMetadata"},"locationId":"us-west4","displayName":"Las Vegas"},{"name":"projects/contribuicao-pix/locations/us-west8","labels":{"cloud.googleapis.com/location":"us-west8","cloud.googleapis.com/region":"us-west8"},"metadata":{"@type":"type.googleapis.com/google.firestore.admin.v1.LocationMetadata"},"locationId":"us-west8","displayName":"Phoenix"}]}
[info] 
[info] Firestore Security Rules allow you to define how and when to allow
[info] requests. You can keep these rules in your project directory
[info] and publish them with firebase deploy.
[info] 
[debug] [2025-07-08T01:24:43.571Z] Checked if tokens are valid: true, expires at: 1751941049333
[debug] [2025-07-08T01:24:43.571Z] Checked if tokens are valid: true, expires at: 1751941049333
[debug] [2025-07-08T01:24:43.571Z] >>> [apiv2][query] GET https://firebaserules.googleapis.com/v1/projects/contribuicao-pix/releases pageSize=10&pageToken=
[debug] [2025-07-08T01:24:44.823Z] <<< [apiv2][status] GET https://firebaserules.googleapis.com/v1/projects/contribuicao-pix/releases 200
[debug] [2025-07-08T01:24:44.824Z] <<< [apiv2][body] GET https://firebaserules.googleapis.com/v1/projects/contribuicao-pix/releases {}
[info] 
[info] Firestore indexes allow you to perform complex queries while
[info] maintaining performance that scales with the size of the result
[info] set. You can keep index definitions in your project directory
[info] and publish them with firebase deploy.
[info] 
[debug] [2025-07-08T01:31:41.398Z] Checked if tokens are valid: true, expires at: 1751941049333
[debug] [2025-07-08T01:31:41.398Z] Checked if tokens are valid: true, expires at: 1751941049333
[debug] [2025-07-08T01:31:41.398Z] Checked if tokens are valid: true, expires at: 1751941049333
[debug] [2025-07-08T01:31:41.398Z] Checked if tokens are valid: true, expires at: 1751941049333
[debug] [2025-07-08T01:31:41.399Z] >>> [apiv2][query] GET https://firestore.googleapis.com/v1/projects/contribuicao-pix/databases/(default)/collectionGroups/-/indexes [none]
[debug] [2025-07-08T01:31:41.401Z] >>> [apiv2][query] GET https://firestore.googleapis.com/v1/projects/contribuicao-pix/databases/(default)/collectionGroups/-/fields?filter=indexConfig.usesAncestorConfig=false OR ttlConfig:* [none]
[debug] [2025-07-08T01:31:42.750Z] <<< [apiv2][status] GET https://firestore.googleapis.com/v1/projects/contribuicao-pix/databases/(default)/collectionGroups/-/fields?filter=indexConfig.usesAncestorConfig=false OR ttlConfig:* 404
[debug] [2025-07-08T01:31:42.750Z] <<< [apiv2][body] GET https://firestore.googleapis.com/v1/projects/contribuicao-pix/databases/(default)/collectionGroups/-/fields?filter=indexConfig.usesAncestorConfig=false OR ttlConfig:* {"error":{"code":404,"message":"Project 'contribuicao-pix' or database '(default)' does not exist.","status":"NOT_FOUND"}}
[debug] [2025-07-08T01:31:42.765Z] <<< [apiv2][status] GET https://firestore.googleapis.com/v1/projects/contribuicao-pix/databases/(default)/collectionGroups/-/indexes 404
[debug] [2025-07-08T01:31:42.767Z] <<< [apiv2][body] GET https://firestore.googleapis.com/v1/projects/contribuicao-pix/databases/(default)/collectionGroups/-/indexes {"error":{"code":404,"message":"Project 'contribuicao-pix' or database '(default)' does not exist.","status":"NOT_FOUND"}}
[info] +  Wrote firestone.rules 
[info] +  Wrote configuration info to firebase.json 
[info] 
=== Hosting Setup
[debug] [2025-07-08T01:31:52.575Z] Checked if tokens are valid: true, expires at: 1751941049333
[debug] [2025-07-08T01:31:52.575Z] Checked if tokens are valid: true, expires at: 1751941049333
[debug] [2025-07-08T01:31:52.576Z] >>> [apiv2][query] GET https://firebase.googleapis.com/v1beta1/projects/contribuicao-pix [none]
[debug] [2025-07-08T01:31:53.127Z] <<< [apiv2][status] GET https://firebase.googleapis.com/v1beta1/projects/contribuicao-pix 200
[debug] [2025-07-08T01:31:53.128Z] <<< [apiv2][body] GET https://firebase.googleapis.com/v1beta1/projects/contribuicao-pix {"projectId":"contribuicao-pix","projectNumber":"807746502345","displayName":"Contribuicao Pix","name":"projects/contribuicao-pix","resources":{"hostingSite":"contribuicao-pix"},"state":"ACTIVE","etag":"1_5f795b50-98dd-4a0d-b91f-44e1339dc14c"}
[info] 
[info] Your public directory is the folder (relative to your project directory) that
[info] will contain Hosting assets to be uploaded with firebase deploy. If you
[info] have a build process for your assets, use your build's output directory.
[info] 
[info] +  Wrote public/404.html 
[debug] [2025-07-08T01:32:57.537Z] >>> [apiv2][query] GET https://www.gstatic.com/firebasejs/releases.json [none]
[debug] [2025-07-08T01:32:57.762Z] <<< [apiv2][status] GET https://www.gstatic.com/firebasejs/releases.json 200
[debug] [2025-07-08T01:32:57.762Z] <<< [apiv2][body] GET https://www.gstatic.com/firebasejs/releases.json {"current":{"version":"11.10.0","browserURL":"https://www.gstatic.com/firebasejs/11.10.0/firebase.js","packageURL":"https://www.gstatic.com/firebasejs/11.10.0/firebase.tgz"},"live":{"version":"11.10","browserURL":"https://www.gstatic.com/firebasejs/live/11.10/firebase.js","packageURL":"https://www.gstatic.com/firebasejs/live/11.10/firebase.tgz"},"components":{"ai":"https://www.gstatic.com/firebasejs/11.10.0/firebase-ai.js","analytics":"https://www.gstatic.com/firebasejs/11.10.0/firebase-analytics.js","app":"https://www.gstatic.com/firebasejs/11.10.0/firebase-app.js","app-check":"https://www.gstatic.com/firebasejs/11.10.0/firebase-app-check.js","auth":"https://www.gstatic.com/firebasejs/11.10.0/firebase-auth.js","auth/cordova":"https://www.gstatic.com/firebasejs/11.10.0/firebase-auth/cordova.js","auth/web-extension":"https://www.gstatic.com/firebasejs/11.10.0/firebase-auth/web-extension.js","functions":"https://www.gstatic.com/firebasejs/11.10.0/firebase-functions.js","firestore":"https://www.gstatic.com/firebasejs/11.10.0/firebase-firestore.js","firestore/lite":"https://www.gstatic.com/firebasejs/11.10.0/firebase-firestore/lite.js","installations":"https://www.gstatic.com/firebasejs/11.10.0/firebase-installations.js","storage":"https://www.gstatic.com/firebasejs/11.10.0/firebase-storage.js","performance":"https://www.gstatic.com/firebasejs/11.10.0/firebase-performance.js","remote-config":"https://www.gstatic.com/firebasejs/11.10.0/firebase-remote-config.js","messaging":"https://www.gstatic.com/firebasejs/11.10.0/firebase-messaging.js","messaging/sw":"https://www.gstatic.com/firebasejs/11.10.0/firebase-messaging/sw.js","database":"https://www.gstatic.com/firebasejs/11.10.0/firebase-database.js","vertexai":"https://www.gstatic.com/firebasejs/11.10.0/firebase-vertexai.js","data-connect":"https://www.gstatic.com/firebasejs/11.10.0/firebase-data-connect.js","firestore.memory":"https://www.gstatic.com/firebasejs/11.10.0/firebase-firestore.memory.js"}}
[info] +  Wrote public/index.html 
[info] 
[info] i  Didn't detect a .git folder. Assuming C:\Users\Josemar\Videos\Contribuição Pix is the project root. 
[info] i  Authorizing with GitHub to upload your service account to a GitHub repository's secrets store. 
[info] 
[info] Visit this URL on this device to log in:
[info] https://github.com/login/oauth/authorize?client_id=89cf50f02ac6aaed3484&state=800686602&redirect_uri=http%3A%2F%2Flocalhost%3A9005&scope=read%3Auser%20repo%20public_repo
[info] 
[info] Waiting for authentication...
[debug] [2025-07-08T01:33:01.185Z] >>> [apiv2][query] POST https://github.com/login/oauth/access_token [none]
[debug] [2025-07-08T01:33:01.186Z] >>> [apiv2][body] POST https://github.com/login/oauth/access_token [stream]
[debug] [2025-07-08T01:33:01.603Z] <<< [apiv2][status] POST https://github.com/login/oauth/access_token 200
[debug] [2025-07-08T01:33:01.603Z] <<< [apiv2][body] POST https://github.com/login/oauth/access_token {"access_token":"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","token_type":"bearer","scope":"read:user,repo"}
[debug] [2025-07-08T01:33:01.610Z] >>> [apiv2][query] GET https://api.github.com/user [none]
[debug] [2025-07-08T01:33:02.041Z] <<< [apiv2][status] GET https://api.github.com/user 200
[debug] [2025-07-08T01:33:02.041Z] <<< [apiv2][body] GET https://api.github.com/user {"login":"FAeliteairsoft","id":211427559,"node_id":"U_kgDODJog5w","avatar_url":"https://avatars.githubusercontent.com/u/211427559?v=4","gravatar_id":"","url":"https://api.github.com/users/FAeliteairsoft","html_url":"https://github.com/FAeliteairsoft","followers_url":"https://api.github.com/users/FAeliteairsoft/followers","following_url":"https://api.github.com/users/FAeliteairsoft/following{/other_user}","gists_url":"https://api.github.com/users/FAeliteairsoft/gists{/gist_id}","starred_url":"https://api.github.com/users/FAeliteairsoft/starred{/owner}{/repo}","subscriptions_url":"https://api.github.com/users/FAeliteairsoft/subscriptions","organizations_url":"https://api.github.com/users/FAeliteairsoft/orgs","repos_url":"https://api.github.com/users/FAeliteairsoft/repos","events_url":"https://api.github.com/users/FAeliteairsoft/events{/privacy}","received_events_url":"https://api.github.com/users/FAeliteairsoft/received_events","type":"User","user_view_type":"private","site_admin":false,"name":null,"company":null,"blog":"","location":null,"email":null,"hireable":null,"bio":null,"twitter_username":null,"notification_email":null,"public_repos":6,"public_gists":0,"followers":0,"following":0,"created_at":"2025-05-13T00:51:06Z","updated_at":"2025-07-06T21:17:41Z","private_gists":0,"total_private_repos":0,"owned_private_repos":0,"disk_usage":6017,"collaborators":0,"two_factor_authentication":false,"plan":{"name":"free","space":976562499,"collaborators":0,"private_repos":10000}}
[info] 
[info] +  Success! Logged into GitHub as FAeliteairsoft 
[info] 
